This is pdfTeX, Version 3.14159265-2.6-1.40.20 (TeX Live 2019/Debian) (preloaded format=pdflatex 2021.1.14)  14 JAN 2021 17:01
entering extended mode
 \write18 enabled.
 %&-line parsing enabled.
**doko_cheatsheet.tex
(./doko_cheatsheet.tex
LaTeX2e <2020-02-02> patch level 2
L3 programming layer <2020-02-14>
(/usr/share/texlive/texmf-dist/tex/latex/base/article.cls
Document Class: article 2019/12/20 v1.4l Standard LaTeX document class
(/usr/share/texlive/texmf-dist/tex/latex/base/size11.clo
File: size11.clo 2019/12/20 v1.4l Standard LaTeX file (size option)
)
\c@part=\count167
\c@section=\count168
\c@subsection=\count169
\c@subsubsection=\count170
\c@paragraph=\count171
\c@subparagraph=\count172
\c@figure=\count173
\c@table=\count174
\abovecaptionskip=\skip47
\belowcaptionskip=\skip48
\bibindent=\dimen134
)
(/usr/share/texlive/texmf-dist/tex/latex/base/inputenc.sty
Package: inputenc 2018/08/11 v1.3c Input encoding file
\inpenc@prehook=\toks14
\inpenc@posthook=\toks15
)
(/usr/share/texlive/texmf-dist/tex/latex/geometry/geometry.sty
Package: geometry 2020/01/02 v5.9 Page Geometry

(/usr/share/texlive/texmf-dist/tex/latex/graphics/keyval.sty
Package: keyval 2014/10/28 v1.15 key=value parser (DPC)
\KV@toks@=\toks16
)
(/usr/share/texlive/texmf-dist/tex/generic/iftex/ifvtex.sty
Package: ifvtex 2019/10/25 v1.7 ifvtex legacy package. Use iftex instead.

(/usr/share/texlive/texmf-dist/tex/generic/iftex/iftex.sty
Package: iftex 2019/11/07 v1.0c TeX engine tests
))
\Gm@cnth=\count175
\Gm@cntv=\count176
\c@Gm@tempcnt=\count177
\Gm@bindingoffset=\dimen135
\Gm@wd@mp=\dimen136
\Gm@odd@mp=\dimen137
\Gm@even@mp=\dimen138
\Gm@layoutwidth=\dimen139
\Gm@layoutheight=\dimen140
\Gm@layouthoffset=\dimen141
\Gm@layoutvoffset=\dimen142
\Gm@dimlist=\toks17
)
(/usr/share/texlive/texmf-dist/tex/latex/auto-pst-pdf/auto-pst-pdf.sty
Package: auto-pst-pdf 2009/04/26 v0.6 Wrapper for pst-pdf

(/usr/share/texlive/texmf-dist/tex/generic/iftex/ifpdf.sty
Package: ifpdf 2019/10/25 v3.4 ifpdf legacy package. Use iftex instead.
)
(/usr/share/texlive/texmf-dist/tex/latex/xkeyval/xkeyval.sty
Package: xkeyval 2014/12/03 v2.7a package option processing (HA)

(/usr/share/texlive/texmf-dist/tex/generic/xkeyval/xkeyval.tex
(/usr/share/texlive/texmf-dist/tex/generic/xkeyval/xkvutils.tex
\XKV@toks=\toks18
\XKV@tempa@toks=\toks19
)
\XKV@depth=\count178
File: xkeyval.tex 2014/12/03 v2.7a key=value parser (HA)
))
(/usr/share/texlive/texmf-dist/tex/latex/ifplatform/ifplatform.sty
Package: ifplatform 2017/10/13 v0.4a Testing for the operating system

(/usr/share/texlive/texmf-dist/tex/latex/tools/shellesc.sty
Package: shellesc 2019/11/08 v1.0c unified shell escape interface for LaTeX
Package shellesc Info: Unrestricted shell escape enabled on input line 75.
)
(/usr/share/texlive/texmf-dist/tex/latex/pdftexcmds/pdftexcmds.sty
Package: pdftexcmds 2019/11/24 v0.31 Utility functions of pdfTeX for LuaTeX (HO
)

(/usr/share/texlive/texmf-dist/tex/generic/infwarerr/infwarerr.sty
Package: infwarerr 2019/12/03 v1.5 Providing info/warning/error messages (HO)
)
(/usr/share/texlive/texmf-dist/tex/generic/ltxcmds/ltxcmds.sty
Package: ltxcmds 2019/12/15 v1.24 LaTeX kernel commands for general use (HO)
)
Package pdftexcmds Info: \pdf@primitive is available.
Package pdftexcmds Info: \pdf@ifprimitive is available.
Package pdftexcmds Info: \pdfdraftmode found.
)
(/usr/share/texlive/texmf-dist/tex/generic/catchfile/catchfile.sty
Package: catchfile 2019/12/09 v1.8 Catch the contents of a file (HO)

(/usr/share/texlive/texmf-dist/tex/generic/etexcmds/etexcmds.sty
Package: etexcmds 2019/12/15 v1.7 Avoid name clashes with e-TeX commands (HO)
))
(/usr/share/texlive/texmf-dist/tex/generic/iftex/ifluatex.sty
Package: ifluatex 2019/10/25 v1.5 ifluatex legacy package. Use iftex instead.
)
runsystem(uname -s > "doko_cheatsheet.w18")...executed.


(./doko_cheatsheet.w18)
runsystem(rm -- "doko_cheatsheet.w18")...executed.

)
\c@app@runs=\count179
runsystem(echo " ")...executed.

runsystem(echo "-------------------------------------------------")...executed.

runsystem(echo "auto-pst-pdf: Auxiliary LaTeX compilation")...executed.

runsystem(echo "-------------------------------------------------")...executed.

runsystem(rm -- "doko_cheatsheet-pics.pdf")...executed.

runsystem(latex -no-shell-escape -jobname="doko_cheatsheet-autopp" -interaction
=batchmode  "\let \APPmakepictures \empty \input  doko_cheatsheet.tex")...execu
ted.

runsystem(dvips -Ppdf -o "doko_cheatsheet-autopp.ps" "doko_cheatsheet-autopp.dv
i")...executed.

runsystem(ps2pdf -dAutoRotatePages=/None "doko_cheatsheet-autopp.ps" "doko_chea
tsheet-autopp.pdf")...executed.

runsystem(pdfcrop  "doko_cheatsheet-autopp.pdf" "doko_cheatsheet-pics.pdf")...e
xecuted.

runsystem(rm -- "doko_cheatsheet-autopp.log")...executed.

runsystem(rm -- "doko_cheatsheet-autopp.dvi")...executed.

runsystem(rm -- "doko_cheatsheet-autopp.ps")...executed.

runsystem(rm -- "doko_cheatsheet-autopp.pdf")...executed.

runsystem(echo "-------------------------------------------------")...executed.

runsystem(echo "auto-pst-pdf: End auxiliary LaTeX compilation")...executed.

runsystem(echo "-------------------------------------------------")...executed.


(/usr/share/texlive/texmf-dist/tex/latex/pst-pdf/pst-pdf.sty
Package: pst-pdf 2019/11/15 v1.2e PS graphics for pdfLaTeX (RN,HjG)

(/usr/share/texlive/texmf-dist/tex/generic/iftex/ifxetex.sty
Package: ifxetex 2019/10/25 v0.7 ifxetex legacy package. Use iftex instead.
)
(/usr/share/texlive/texmf-dist/tex/generic/luatex85/luatex85.sty
Package: luatex85 2016/06/15 v1.4 pdftex aliases for luatex
)
\c@pspicture=\count180

(/usr/share/texlive/texmf-dist/tex/latex/graphics/graphicx.sty
Package: graphicx 2019/11/30 v1.2a Enhanced LaTeX Graphics (DPC,SPQR)

(/usr/share/texlive/texmf-dist/tex/latex/graphics/graphics.sty
Package: graphics 2019/11/30 v1.4a Standard LaTeX Graphics (DPC,SPQR)

(/usr/share/texlive/texmf-dist/tex/latex/graphics/trig.sty
Package: trig 2016/01/03 v1.10 sin cos tan (DPC)
)
(/usr/share/texlive/texmf-dist/tex/latex/graphics-cfg/graphics.cfg
File: graphics.cfg 2016/06/04 v1.11 sample graphics configuration
)
Package graphics Info: Driver file: pdftex.def on input line 105.

(/usr/share/texlive/texmf-dist/tex/latex/graphics-def/pdftex.def
File: pdftex.def 2018/01/08 v1.0l Graphics/color driver for pdftex
))
\Gin@req@height=\dimen143
\Gin@req@width=\dimen144
)
Package pst-pdf Info: MODE: 1 (pdfTeX mode) on input line 216.

(/usr/share/texlive/texmf-dist/tex/latex/pstricks/pstricks.sty
Package: pstricks 2018/12/21 v0.69 LaTeX wrapper for `PSTricks' (RN,HV)

(/usr/share/texlive/texmf-dist/tex/latex/xcolor/xcolor.sty
Package: xcolor 2016/05/11 v2.12 LaTeX color extensions (UK)

(/usr/share/texlive/texmf-dist/tex/latex/graphics-cfg/color.cfg
File: color.cfg 2016/01/02 v1.6 sample color configuration
)
Package xcolor Info: Driver file: pdftex.def on input line 225.
Package xcolor Info: Model `cmy' substituted by `cmy0' on input line 1348.
Package xcolor Info: Model `hsb' substituted by `rgb' on input line 1352.
Package xcolor Info: Model `RGB' extended on input line 1364.
Package xcolor Info: Model `HTML' substituted by `rgb' on input line 1366.
Package xcolor Info: Model `Hsb' substituted by `hsb' on input line 1367.
Package xcolor Info: Model `tHsb' substituted by `hsb' on input line 1368.
Package xcolor Info: Model `HSB' substituted by `hsb' on input line 1369.
Package xcolor Info: Model `Gray' substituted by `gray' on input line 1370.
Package xcolor Info: Model `wave' substituted by `hsb' on input line 1371.
)
(/usr/share/texlive/texmf-dist/tex/generic/xkeyval/pst-xkey.tex
File: pst-xkey.tex 2005/11/25 v1.6 PSTricks specialization of xkeyval (HA)
)
(/usr/share/texlive/texmf-dist/tex/generic/pstricks/pstricks.tex
(/usr/share/texlive/texmf-dist/tex/generic/pstricks/pst-fp.tex
`pst-fp' v0.05, 2010/01/17 (hv)
\pstFP@xs=\count181
\pstFP@xia=\count182
\pstFP@xib=\count183
\pstFP@xfa=\count184
\pstFP@xfb=\count185
\pstFP@rega=\count186
\pstFP@regb=\count187
\pstFP@regs=\count188
\pstFP@times=\count189
)
(/usr/share/texlive/texmf-dist/tex/generic/pgf/utilities/pgfutil-common.tex
\pgfutil@everybye=\toks20
\pgfutil@tempdima=\dimen145
\pgfutil@tempdimb=\dimen146

(/usr/share/texlive/texmf-dist/tex/generic/pgf/utilities/pgfutil-common-lists.t
ex)) (/usr/share/texlive/texmf-dist/tex/generic/pgf/utilities/pgfkeys.code.tex
\pgfkeys@pathtoks=\toks21
\pgfkeys@temptoks=\toks22

(/usr/share/texlive/texmf-dist/tex/generic/pgf/utilities/pgfkeysfiltered.code.t
ex
\pgfkeys@tmptoks=\toks23
)) (/usr/share/texlive/texmf-dist/tex/generic/pgf/utilities/pgffor.code.tex
Loading pgffor.code.tex
(/usr/share/texlive/texmf-dist/tex/generic/pgf/math/pgfmath.code.tex
(/usr/share/texlive/texmf-dist/tex/generic/pgf/math/pgfmathcalc.code.tex
(/usr/share/texlive/texmf-dist/tex/generic/pgf/math/pgfmathutil.code.tex
\pgf@x=\dimen147
\pgf@xa=\dimen148
\pgf@xb=\dimen149
\pgf@xc=\dimen150
\pgf@y=\dimen151
\pgf@ya=\dimen152
\pgf@yb=\dimen153
\pgf@yc=\dimen154
\c@pgf@counta=\count190
\c@pgf@countb=\count191
\c@pgf@countc=\count192
\c@pgf@countd=\count193
\pgfutil@tempcnta=\count194
\pgfutil@tempcntb=\count195
)
(/usr/share/texlive/texmf-dist/tex/generic/pgf/math/pgfmathparser.code.tex
\pgfmath@dimen=\dimen155
\pgfmath@count=\count196
\pgfmath@box=\box45
\pgfmath@toks=\toks24
\pgfmath@stack@operand=\toks25
\pgfmath@stack@operation=\toks26
)
(/usr/share/texlive/texmf-dist/tex/generic/pgf/math/pgfmathfunctions.code.tex
(/usr/share/texlive/texmf-dist/tex/generic/pgf/math/pgfmathfunctions.basic.code
.tex)
(/usr/share/texlive/texmf-dist/tex/generic/pgf/math/pgfmathfunctions.trigonomet
ric.code.tex)
(/usr/share/texlive/texmf-dist/tex/generic/pgf/math/pgfmathfunctions.random.cod
e.tex)
(/usr/share/texlive/texmf-dist/tex/generic/pgf/math/pgfmathfunctions.comparison
.code.tex)
(/usr/share/texlive/texmf-dist/tex/generic/pgf/math/pgfmathfunctions.base.code.
tex)
(/usr/share/texlive/texmf-dist/tex/generic/pgf/math/pgfmathfunctions.round.code
.tex)
(/usr/share/texlive/texmf-dist/tex/generic/pgf/math/pgfmathfunctions.misc.code.
tex)
(/usr/share/texlive/texmf-dist/tex/generic/pgf/math/pgfmathfunctions.integerari
thmetics.code.tex)))
(/usr/share/texlive/texmf-dist/tex/generic/pgf/math/pgfmathfloat.code.tex
\c@pgfmathroundto@lastzeros=\count197
))
\pgffor@iter=\dimen156
\pgffor@skip=\dimen157
\pgffor@stack=\toks27
\pgffor@toks=\toks28
)
\psLoopIndex=\count198

`PSTricks' v2.97  <2019/05/11> (tvz,hv)
\pst@dima=\dimen158
\pst@dimb=\dimen159
\pst@dimc=\dimen160
\pst@dimd=\dimen161
\pst@dimg=\dimen162
\pst@dimh=\dimen163
\pst@dimm=\dimen164
\pst@dimn=\dimen165
\pst@dimo=\dimen166
\pst@dimp=\dimen167
\pst@hbox=\box46
\pst@ibox=\box47
\pst@boxg=\box48
\pst@cnta=\count199
\pst@cntb=\count266
\pst@cntc=\count267
\pst@cntd=\count268
\pst@cntg=\count269
\pst@cnth=\count270
\pst@cntm=\count271
\pst@cntn=\count272
\pst@cnto=\count273
\pst@cntp=\count274
\@zero=\count275
\pst@toks=\toks29
(/usr/share/texlive/texmf-dist/tex/generic/pstricks/pstricks.con)
\psunit=\dimen168
\psxunit=\dimen169
\psyunit=\dimen170
\pst@C@@rType=\count276
\pslinewidth=\dimen171
\psk@startLW=\dimen172
\psk@endLW=\dimen173
\pst@customdefs=\toks30
\pslinearc=\dimen174
\pst@symbolStep=\dimen175
\pst@symbolWidth=\dimen176
\pst@symbolLinewidth=\dimen177
\everypsbox=\toks31
\psframesep=\dimen178
\pslabelsep=\dimen179
\sh@wgridXunit=\dimen180
\sh@wgridYunit=\dimen181
\pst@shift=\dimen182
)
File: pstricks.tex 2019/05/11 v2.97 `PSTricks' (tvz,hv)

(/usr/share/texlive/texmf-dist/tex/generic/pstricks/pst-fp.tex)
File: pst-fp.tex 2019/05/11 v2.97 `PST-fp' (hv)
)
\ppf@output=\toks32

(/usr/share/texmf/tex/latex/preview/preview.sty
Package: preview 2017/04/24 11.91 (AUCTeX/preview-latex)
\pr@snippet=\count277
\pr@box=\box49
\pr@output=\toks33
)
(/usr/share/texlive/texmf-dist/tex/latex/graphics-def/dvips.def
File: dvips.def 2017/06/20 v3.1d Graphics/color driver for dvips
)
(/usr/share/texlive/texmf-dist/tex/latex/environ/environ.sty
Package: environ 2014/05/04 v0.3 A new way to define environments

(/usr/share/texlive/texmf-dist/tex/latex/trimspaces/trimspaces.sty
Package: trimspaces 2009/09/17 v1.1 Trim spaces around a token list
)
\@envbody=\toks34
)))
(/usr/share/texlive/texmf-dist/tex/latex/pst-poker/pst-poker.sty
(/usr/share/texlive/texmf-dist/tex/latex/pst-blur/pst-blur.sty
Package: pst-blur 2005/09/08 package wrapper for pst-blur.tex (hv)

(/usr/share/texlive/texmf-dist/tex/generic/pst-blur/pst-blur.tex
 v2.0, 2005/09/08)
File: pst-blur.tex 2005/09/08 v2.0 `PST-blur' (hv)
)
(/usr/share/texlive/texmf-dist/tex/latex/multido/multido.sty
Package: multido 2004/05/17 package wrapper for PSTricks `multido.tex', (HV/RN)


(/usr/share/texlive/texmf-dist/tex/generic/multido/multido.tex
 v1.42, 2010/05/14 <tvz>
\multido@count=\count278
\multidocount=\count279
\multido@stuff=\toks35
)
File: multido.tex 2010/05/14 v1.42 `multido' (tvz,hv)
)
(/usr/share/texlive/texmf-dist/tex/latex/pst-fill/pst-fill.sty
Package: pst-fill 2005/09/13 package wrapper for pst-fill.tex (hv)

(/usr/share/texlive/texmf-dist/tex/generic/pst-fill/pst-fill.tex
`PST-Fill' v1.01, 2007/03/10 (tvz,dg,hv)
\pst@fillbox=\box50
)
File: pst-fill.tex 2007/03/10 v1.01 `PST-fill' (tvz,dg)
)
File: pst-poker 2020/01/21\ v0.03a\ [LaTeX poker package (HV)
\symsymbolsC=\mathgroup4
LaTeX Font Info:    Overwriting symbol font `symbolsC' in version `bold'
(Font)                  U/txsyc/m/n --> U/txsyc/bx/n on input line 148.
)
(/usr/share/texlive/texmf-dist/tex/latex/tools/multicol.sty
Package: multicol 2019/12/09 v1.8y multicolumn formatting (FMi)
\c@tracingmulticols=\count280
\mult@box=\box51
\multicol@leftmargin=\dimen183
\c@unbalance=\count281
\c@collectmore=\count282
\doublecol@number=\count283
\multicoltolerance=\count284
\multicolpretolerance=\count285
\full@width=\dimen184
\page@free=\dimen185
\premulticols=\dimen186
\postmulticols=\dimen187
\multicolsep=\skip49
\multicolbaselineskip=\skip50
\partial@page=\box52
\last@line=\box53
\maxbalancingoverflow=\dimen188
\mult@rightbox=\box54
\mult@grightbox=\box55
\mult@gfirstbox=\box56
\mult@firstbox=\box57
\@tempa=\box58
\@tempa=\box59
\@tempa=\box60
\@tempa=\box61
\@tempa=\box62
\@tempa=\box63
\@tempa=\box64
\@tempa=\box65
\@tempa=\box66
\@tempa=\box67
\@tempa=\box68
\@tempa=\box69
\@tempa=\box70
\@tempa=\box71
\@tempa=\box72
\@tempa=\box73
\@tempa=\box74
\@tempa=\box75
\@tempa=\box76
\@tempa=\box77
\@tempa=\box78
\@tempa=\box79
\@tempa=\box80
\@tempa=\box81
\@tempa=\box82
\@tempa=\box83
\@tempa=\box84
\@tempa=\box85
\@tempa=\box86
\@tempa=\box87
\@tempa=\box88
\@tempa=\box89
\@tempa=\box90
\@tempa=\box91
\@tempa=\box92
\@tempa=\box93
\@tempa=\box94
\c@minrows=\count286
\c@columnbadness=\count287
\c@finalcolumnbadness=\count288
\last@try=\dimen189
\multicolovershoot=\dimen190
\multicolundershoot=\dimen191
\mult@nat@firstbox=\box95
\colbreak@box=\box96
\mc@col@check@num=\count289
)
(/usr/share/texlive/texmf-dist/tex/latex/l3backend/l3backend-pdfmode.def
File: l3backend-pdfmode.def 2020-02-03 L3 backend support: PDF mode
\l__kernel_color_stack_int=\count290
\l__pdf_internal_box=\box97
)
(./doko_cheatsheet.aux)
\openout1 = `doko_cheatsheet.aux'.

LaTeX Font Info:    Checking defaults for OML/cmm/m/it on input line 11.
LaTeX Font Info:    ... okay on input line 11.
LaTeX Font Info:    Checking defaults for OMS/cmsy/m/n on input line 11.
LaTeX Font Info:    ... okay on input line 11.
LaTeX Font Info:    Checking defaults for OT1/cmr/m/n on input line 11.
LaTeX Font Info:    ... okay on input line 11.
LaTeX Font Info:    Checking defaults for T1/cmr/m/n on input line 11.
LaTeX Font Info:    ... okay on input line 11.
LaTeX Font Info:    Checking defaults for TS1/cmr/m/n on input line 11.
LaTeX Font Info:    ... okay on input line 11.
LaTeX Font Info:    Checking defaults for OMX/cmex/m/n on input line 11.
LaTeX Font Info:    ... okay on input line 11.
LaTeX Font Info:    Checking defaults for U/cmr/m/n on input line 11.
LaTeX Font Info:    ... okay on input line 11.

*geometry* driver: auto-detecting
*geometry* detected driver: pdftex
*geometry* verbose mode - [ preamble ] result:
* driver: pdftex
* paper: a4paper
* layout: <same size as paper>
* layoutoffset:(h,v)=(0.0pt,0.0pt)
* modes: landscape 
* h-part:(L,W,R)=(36.135pt, 772.77686pt, 36.135pt)
* v-part:(T,H,B)=(36.135pt, 525.23788pt, 36.135pt)
* \paperwidth=845.04684pt
* \paperheight=597.50787pt
* \textwidth=772.77686pt
* \textheight=525.23788pt
* \oddsidemargin=-36.135pt
* \evensidemargin=-36.135pt
* \topmargin=-73.135pt
* \headheight=12.0pt
* \headsep=25.0pt
* \topskip=11.0pt
* \footskip=30.0pt
* \marginparwidth=144.0pt
* \marginparsep=10.0pt
* \columnsep=10.0pt
* \skip\footins=10.0pt plus 4.0pt minus 2.0pt
* \hoffset=0.0pt
* \voffset=0.0pt
* \mag=1000
* \@twocolumnfalse
* \@twosidefalse
* \@mparswitchfalse
* \@reversemarginfalse
* (1in=72.27pt=25.4mm, 1cm=28.453pt)

(/usr/share/texlive/texmf-dist/tex/context/base/mkii/supp-pdf.mkii
[Loading MPS to PDF converter (version 2006.09.02).]
\scratchcounter=\count291
\scratchdimen=\dimen192
\scratchbox=\box98
\nofMPsegments=\count292
\nofMParguments=\count293
\everyMPshowfont=\toks36
\MPscratchCnt=\count294
\MPscratchDim=\dimen193
\MPnumerator=\count295
\makeMPintoPDFobject=\count296
\everyMPtoPDFconversion=\toks37
)
Preview: Fontsize 10.95pt
Preview: PDFoutput 1
<doko_cheatsheet-pics.pdf, id=2, page=1, 214.8025pt x 60.225pt>
File: doko_cheatsheet-pics.pdf Graphic file (type pdf)
<use doko_cheatsheet-pics.pdf, page 1>
Package pdftex.def Info: doko_cheatsheet-pics.pdf , page1 used on input line 25
.
(pdftex.def)             Requested size: 214.80197pt x 60.22484pt.

Underfull \hbox (badness 10000) in paragraph at lines 21--40

 []

<doko_cheatsheet-pics.pdf, id=3, page=2, 248.93pt x 60.225pt>
File: doko_cheatsheet-pics.pdf Graphic file (type pdf)
<use doko_cheatsheet-pics.pdf, page 2>
Package pdftex.def Info: doko_cheatsheet-pics.pdf , page2 used on input line 44
.
(pdftex.def)             Requested size: 248.92938pt x 60.22484pt.

Underfull \hbox (badness 10000) in paragraph at lines 41--57

 []

<doko_cheatsheet-pics.pdf, id=4, page=3, 240.9pt x 60.225pt>
File: doko_cheatsheet-pics.pdf Graphic file (type pdf)
<use doko_cheatsheet-pics.pdf, page 3>
Package pdftex.def Info: doko_cheatsheet-pics.pdf , page3 used on input line 61
.
(pdftex.def)             Requested size: 240.8994pt x 60.22484pt.

Underfull \hbox (badness 10000) in paragraph at lines 61--69

 []

<doko_cheatsheet-pics.pdf, id=5, page=4, 246.9225pt x 60.225pt>
File: doko_cheatsheet-pics.pdf Graphic file (type pdf)
<use doko_cheatsheet-pics.pdf, page 4>
Package pdftex.def Info: doko_cheatsheet-pics.pdf , page4 used on input line 71
.
(pdftex.def)             Requested size: 246.92188pt x 60.22484pt.
LaTeX Font Info:    External font `cmex10' loaded for size
(Font)              <10.95> on input line 84.
LaTeX Font Info:    External font `cmex10' loaded for size
(Font)              <8> on input line 84.
LaTeX Font Info:    External font `cmex10' loaded for size
(Font)              <6> on input line 84.
LaTeX Font Info:    Trying to load font information for U+txsyc on input line 8
4.
(/usr/share/texlive/texmf-dist/tex/latex/txfonts/utxsyc.fd
File: utxsyc.fd 2000/12/15 v3.1
)
Underfull \hbox (badness 10000) in paragraph at lines 84--85

 []

<doko_cheatsheet-pics.pdf, id=6, page=5, 220.825pt x 60.225pt>
File: doko_cheatsheet-pics.pdf Graphic file (type pdf)
<use doko_cheatsheet-pics.pdf, page 5>
Package pdftex.def Info: doko_cheatsheet-pics.pdf , page5 used on input line 98
.
(pdftex.def)             Requested size: 220.82445pt x 60.22484pt.

Underfull \hbox (badness 10000) in paragraph at lines 108--110

 []

<doko_cheatsheet-pics.pdf, id=7, page=6, 214.8025pt x 60.225pt>
File: doko_cheatsheet-pics.pdf Graphic file (type pdf)
<use doko_cheatsheet-pics.pdf, page 6>
Package pdftex.def Info: doko_cheatsheet-pics.pdf , page6 used on input line 11
5.
(pdftex.def)             Requested size: 214.80197pt x 60.22484pt.

Underfull \hbox (badness 10000) in paragraph at lines 111--130

 []

<doko_cheatsheet-pics.pdf, id=8, page=7, 200.75pt x 60.225pt>
File: doko_cheatsheet-pics.pdf Graphic file (type pdf)
<use doko_cheatsheet-pics.pdf, page 7>
Package pdftex.def Info: doko_cheatsheet-pics.pdf , page7 used on input line 13
5.
(pdftex.def)             Requested size: 200.7495pt x 60.22484pt.

Underfull \hbox (badness 10000) in paragraph at lines 131--149

 []

<doko_cheatsheet-pics.pdf, id=9, page=8, 214.8025pt x 60.225pt>
File: doko_cheatsheet-pics.pdf Graphic file (type pdf)
<use doko_cheatsheet-pics.pdf, page 8>
Package pdftex.def Info: doko_cheatsheet-pics.pdf , page8 used on input line 15
4.
(pdftex.def)             Requested size: 214.80197pt x 60.22484pt.
<doko_cheatsheet-pics.pdf, id=10, page=9, 214.8025pt x 60.225pt>
File: doko_cheatsheet-pics.pdf Graphic file (type pdf)
<use doko_cheatsheet-pics.pdf, page 9>
Package pdftex.def Info: doko_cheatsheet-pics.pdf , page9 used on input line 17
4.
(pdftex.def)             Requested size: 214.80197pt x 60.22484pt.
<doko_cheatsheet-pics.pdf, id=11, page=10, 238.8925pt x 60.225pt>
File: doko_cheatsheet-pics.pdf Graphic file (type pdf)
<use doko_cheatsheet-pics.pdf, page 10>
Package pdftex.def Info: doko_cheatsheet-pics.pdf , page10 used on input line 2
00.
(pdftex.def)             Requested size: 238.8919pt x 60.22484pt.

Overfull \hbox (1.2118pt too wide) in paragraph at lines 196--214
|  [] 
 []

<doko_cheatsheet-pics.pdf, id=12, page=11, 238.8925pt x 60.225pt>
File: doko_cheatsheet-pics.pdf Graphic file (type pdf)
<use doko_cheatsheet-pics.pdf, page 11>
Package pdftex.def Info: doko_cheatsheet-pics.pdf , page11 used on input line 2
19.
(pdftex.def)             Requested size: 238.8919pt x 60.22484pt.

Overfull \hbox (1.2118pt too wide) in paragraph at lines 215--233
|  [] 
 []


Underfull \hbox (badness 10000) in paragraph at lines 215--233

 []


Underfull \hbox (badness 10000) in paragraph at lines 234--235

 []

<doko_cheatsheet-pics.pdf, id=13, page=12, 257.96375pt x 60.225pt>
File: doko_cheatsheet-pics.pdf Graphic file (type pdf)
<use doko_cheatsheet-pics.pdf, page 12>
Package pdftex.def Info: doko_cheatsheet-pics.pdf , page12 used on input line 2
39.
(pdftex.def)             Requested size: 257.9631pt x 60.22484pt.

Overfull \hbox (7.03749pt too wide) in paragraph at lines 236--253
[] 
 []


Overfull \vbox (6.11894pt too high) has occurred while \output is active []


Overfull \vbox (4.40689pt too high) has occurred while \output is active []


[1


Non-PDF special ignored!
<special> ps: /pssetRGBcolor /setrgbcolor load def /pssetCMYKcolor /setcmyk...
Non-PDF special ignored!
<special> ps:tx@Dict begin  gsave STV CP T /ps@rot 0 def grestore  end
Non-PDF special ignored!
<special> ps:tx@Dict begin  gsave STV CP T /ps@refangle 0.  def grestore  e...
{/var/lib/texmf/fonts/map/pdftex/updmap/pdftex.map} <./doko_cheatsheet-pics.pdf
> <./doko_cheatsheet-pics.pdf> <./doko_cheatsheet-pics.pdf> <./doko_cheatsheet-
pics.pdf> <./doko_cheatsheet-pics.pdf> <./doko_cheatsheet-pics.pdf> <./doko_che
atsheet-pics.pdf> <./doko_cheatsheet-pics.pdf> <./doko_cheatsheet-pics.pdf> <./
doko_cheatsheet-pics.pdf> <./doko_cheatsheet-pics.pdf> <./doko_cheatsheet-pics.
pdf>] (./doko_cheatsheet.aux) ) 
Here is how much of TeX's memory you used:
 10004 strings out of 483183
 176659 string characters out of 5966292
 435000 words of memory out of 5000000
 24856 multiletter control sequences out of 15000+600000
 536472 words of font info for 38 fonts, out of 8000000 for 9000
 14 hyphenation exceptions out of 8191
 54i,5n,59p,500b,357s stack positions out of 5000i,500n,10000p,200000b,80000s
</usr/share/texlive/texmf-dist/fonts/type1/publi
c/amsfonts/cm/cmbx10.pfb></usr/share/texlive/texmf-dist/fonts/type1/public/amsf
onts/cm/cmmi10.pfb></usr/share/texlive/texmf-dist/fonts/type1/public/amsfonts/c
m/cmr10.pfb></usr/share/texlive/texmf-dist/fonts/type1/public/amsfonts/cm/cmti1
0.pfb>
Output written on doko_cheatsheet.pdf (1 page, 5420060 bytes).
PDF statistics:
 197 PDF objects out of 1000 (max. 8388607)
 129 compressed objects within 2 object streams
 0 named destinations out of 1000 (max. 500000)
 66 words of extra memory for PDF output out of 10000 (max. 10000000)

